CRITICAL - 2025-06-05 06:52:48 --> ErrorException: Undefined array key "kategori"
[Method: GET, Route: /]
in APPPATH\Views\components\artikel_terkini.php on line 10.
 1 APPPATH\Views\components\artikel_terkini.php(10): CodeIgniter\Debug\Exceptions->errorHandler(2, 'Undefined array key "kategori"', 'C:\\xampp\\htdocs\\lab11_ci\\ci4_pertemuan6\\Full Kodingan Web (2)\\Lab11Web-main\\ci4\\app\\Views\\components\\artikel_terkini.php', 10)
 2 SYSTEMPATH\View\View.php(224): include('C:\\xampp\\htdocs\\lab11_ci\\ci4_pertemuan6\\Full Kodingan Web (2)\\Lab11Web-main\\ci4\\app\\Views\\components\\artikel_terkini.php')
 3 SYSTEMPATH\View\View.php(227): CodeIgniter\View\View->CodeIgniter\View\{closure}()
 4 SYSTEMPATH\Common.php(1173): CodeIgniter\View\View->render('components/artikel_terkini', [], true)
 5 APPPATH\Cells\ArtikelTerkini.php(21): view('components/artikel_terkini', [...])
 6 SYSTEMPATH\View\Cell.php(307): App\Cells\ArtikelTerkini->render(null)
 7 SYSTEMPATH\View\Cell.php(104): CodeIgniter\View\Cell->renderSimpleClass(Object(App\Cells\ArtikelTerkini), 'render', [...], 'App\\Cells\\ArtikelTerkini')
 8 SYSTEMPATH\Common.php(1189): CodeIgniter\View\Cell->render('App\\Cells\\ArtikelTerkini::render', [...], 0, 'AppCellsArtikelTerkinirendere62ae458aadf338b2d96da90d610b41d')
 9 APPPATH\Views\layout\main.php(27): view_cell('App\\Cells\\ArtikelTerkini::render', [...])
10 SYSTEMPATH\View\View.php(224): include('C:\\xampp\\htdocs\\lab11_ci\\ci4_pertemuan6\\Full Kodingan Web (2)\\Lab11Web-main\\ci4\\app\\Views\\layout\\main.php')
11 SYSTEMPATH\View\View.php(227): CodeIgniter\View\View->CodeIgniter\View\{closure}()
12 SYSTEMPATH\View\View.php(240): CodeIgniter\View\View->render('layout/main', [], true)
13 SYSTEMPATH\Common.php(1173): CodeIgniter\View\View->render('home', [], true)
14 APPPATH\Controllers\Home.php(14): view('home', [...])
15 SYSTEMPATH\CodeIgniter.php(933): App\Controllers\Home->index()
16 SYSTEMPATH\CodeIgniter.php(507): CodeIgniter\CodeIgniter->runController(Object(App\Controllers\Home))
17 SYSTEMPATH\CodeIgniter.php(354): CodeIgniter\CodeIgniter->handleRequest(null, Object(Config\Cache), false)
18 SYSTEMPATH\Boot.php(334): CodeIgniter\CodeIgniter->run()
19 SYSTEMPATH\Boot.php(67): CodeIgniter\Boot::runCodeIgniter(Object(CodeIgniter\CodeIgniter))
20 FCPATH\index.php(56): CodeIgniter\Boot::bootWeb(Object(Config\Paths))
21 SYSTEMPATH\rewrite.php(44): require_once('C:\\xampp\\htdocs\\lab11_ci\\ci4_pertemuan6\\Full Kodingan Web (2)\\Lab11Web-main\\ci4\\public\\index.php')
