CRITICAL - 2025-05-15 01:07:55 --> ErrorException: Undefined variable $title
[Method: GET, Route: home]
in APPPATH\Views\home.php on line 3.
 1 APPPATH\Views\home.php(3): CodeIgniter\Debug\Exceptions->errorHandler(2, 'Undefined variable $title', 'C:\\xampp\\htdocs\\lab11_ci\\ci4_pertemuan4\\app\\Views\\home.php', 3)
 2 SYSTEMPATH\View\View.php(224): include('C:\\xampp\\htdocs\\lab11_ci\\ci4_pertemuan4\\app\\Views\\home.php')
 3 SYSTEMPATH\View\View.php(227): CodeIgniter\View\View->CodeIgniter\View\{closure}()
 4 SYSTEMPATH\Common.php(1173): CodeIgniter\View\View->render('home', [], true)
 5 APPPATH\Controllers\Home.php(13): view('home')
 6 SYSTEMPATH\CodeIgniter.php(933): App\Controllers\Home->home()
 7 SYSTEMPATH\CodeIgniter.php(507): CodeIgniter\CodeIgniter->runController(Object(App\Controllers\Home))
 8 SYSTEMPATH\CodeIgniter.php(354): CodeIgniter\CodeIgniter->handleRequest(null, Object(Config\Cache), false)
 9 SYSTEMPATH\Boot.php(334): CodeIgniter\CodeIgniter->run()
10 SYSTEMPATH\Boot.php(67): CodeIgniter\Boot::runCodeIgniter(Object(CodeIgniter\CodeIgniter))
11 FCPATH\index.php(56): CodeIgniter\Boot::bootWeb(Object(Config\Paths))
12 SYSTEMPATH\rewrite.php(44): require_once('C:\\xampp\\htdocs\\lab11_ci\\ci4_pertemuan4\\public\\index.php')
CRITICAL - 2025-05-15 01:10:48 --> ErrorException: Declaration of App\Cells\ArtikelTerkini::render() must be compatible with CodeIgniter\View\Cell::render(string $library, $params = null, int $ttl = 0, ?string $cacheName = null): string
[Method: GET, Route: home]
in APPPATH\Cells\ArtikelTerkini.php on line 7.
 1 [internal function]: CodeIgniter\Debug\Exceptions->shutdownHandler()
CRITICAL - 2025-05-15 01:11:53 --> ErrorException: Declaration of App\Cells\ArtikelTerkini::render() must be compatible with CodeIgniter\View\Cell::render(string $library, $params = null, int $ttl = 0, ?string $cacheName = null): string
[Method: GET, Route: home]
in APPPATH\Cells\ArtikelTerkini.php on line 7.
 1 [internal function]: CodeIgniter\Debug\Exceptions->shutdownHandler()
CRITICAL - 2025-05-15 01:13:41 --> ErrorException: Declaration of App\Cells\ArtikelTerkini::render() must be compatible with CodeIgniter\View\Cell::render(string $library, $params = null, int $ttl = 0, ?string $cacheName = null): string
[Method: GET, Route: home]
in APPPATH\Cells\ArtikelTerkini.php on line 7.
 1 [internal function]: CodeIgniter\Debug\Exceptions->shutdownHandler()
CRITICAL - 2025-05-15 01:15:32 --> ErrorException: Declaration of App\Cells\ArtikelTerkini::render() must be compatible with CodeIgniter\View\Cell::render(string $library, $params = null, int $ttl = 0, ?string $cacheName = null): string
[Method: GET, Route: home]
in APPPATH\Cells\ArtikelTerkini.php on line 7.
 1 [internal function]: CodeIgniter\Debug\Exceptions->shutdownHandler()
CRITICAL - 2025-05-15 01:17:36 --> ErrorException: Declaration of App\Cells\ArtikelTerkini::render() must be compatible with CodeIgniter\View\Cell::render(string $library, $params = null, int $ttl = 0, ?string $cacheName = null): string
[Method: GET, Route: home]
in APPPATH\Cells\ArtikelTerkini.php on line 7.
 1 [internal function]: CodeIgniter\Debug\Exceptions->shutdownHandler()
CRITICAL - 2025-05-15 01:17:37 --> ErrorException: Declaration of App\Cells\ArtikelTerkini::render() must be compatible with CodeIgniter\View\Cell::render(string $library, $params = null, int $ttl = 0, ?string $cacheName = null): string
[Method: GET, Route: home]
in APPPATH\Cells\ArtikelTerkini.php on line 7.
 1 [internal function]: CodeIgniter\Debug\Exceptions->shutdownHandler()
CRITICAL - 2025-05-15 01:17:38 --> ErrorException: Declaration of App\Cells\ArtikelTerkini::render() must be compatible with CodeIgniter\View\Cell::render(string $library, $params = null, int $ttl = 0, ?string $cacheName = null): string
[Method: GET, Route: home]
in APPPATH\Cells\ArtikelTerkini.php on line 7.
 1 [internal function]: CodeIgniter\Debug\Exceptions->shutdownHandler()
CRITICAL - 2025-05-15 01:25:09 --> ErrorException: Declaration of App\Cells\ArtikelTerkini::render() must be compatible with CodeIgniter\View\Cell::render(string $library, $params = null, int $ttl = 0, ?string $cacheName = null): string
[Method: GET, Route: home]
in APPPATH\Cells\ArtikelTerkini.php on line 9.
 1 [internal function]: CodeIgniter\Debug\Exceptions->shutdownHandler()
CRITICAL - 2025-05-15 01:28:29 --> ErrorException: Declaration of App\Cells\ArtikelTerkini::render() must be compatible with CodeIgniter\View\Cell::render(string $library, $params = null, int $ttl = 0, ?string $cacheName = null): string
[Method: GET, Route: home]
in APPPATH\Cells\ArtikelTerkini.php on line 7.
 1 [internal function]: CodeIgniter\Debug\Exceptions->shutdownHandler()
CRITICAL - 2025-05-15 01:33:16 --> ErrorException: Declaration of App\Cells\ArtikelTerkini::render() must be compatible with CodeIgniter\View\Cell::render(string $library, $params = null, int $ttl = 0, ?string $cacheName = null): string
[Method: GET, Route: home]
in APPPATH\Cells\ArtikelTerkini.php on line 7.
 1 [internal function]: CodeIgniter\Debug\Exceptions->shutdownHandler()
CRITICAL - 2025-05-15 01:33:17 --> ErrorException: Declaration of App\Cells\ArtikelTerkini::render() must be compatible with CodeIgniter\View\Cell::render(string $library, $params = null, int $ttl = 0, ?string $cacheName = null): string
[Method: GET, Route: home]
in APPPATH\Cells\ArtikelTerkini.php on line 7.
 1 [internal function]: CodeIgniter\Debug\Exceptions->shutdownHandler()
CRITICAL - 2025-05-15 01:33:17 --> ErrorException: Declaration of App\Cells\ArtikelTerkini::render() must be compatible with CodeIgniter\View\Cell::render(string $library, $params = null, int $ttl = 0, ?string $cacheName = null): string
[Method: GET, Route: home]
in APPPATH\Cells\ArtikelTerkini.php on line 7.
 1 [internal function]: CodeIgniter\Debug\Exceptions->shutdownHandler()
CRITICAL - 2025-05-15 01:33:18 --> ErrorException: Declaration of App\Cells\ArtikelTerkini::render() must be compatible with CodeIgniter\View\Cell::render(string $library, $params = null, int $ttl = 0, ?string $cacheName = null): string
[Method: GET, Route: home]
in APPPATH\Cells\ArtikelTerkini.php on line 7.
 1 [internal function]: CodeIgniter\Debug\Exceptions->shutdownHandler()
CRITICAL - 2025-05-15 01:33:18 --> ErrorException: Declaration of App\Cells\ArtikelTerkini::render() must be compatible with CodeIgniter\View\Cell::render(string $library, $params = null, int $ttl = 0, ?string $cacheName = null): string
[Method: GET, Route: home]
in APPPATH\Cells\ArtikelTerkini.php on line 7.
 1 [internal function]: CodeIgniter\Debug\Exceptions->shutdownHandler()
CRITICAL - 2025-05-15 01:33:18 --> ErrorException: Declaration of App\Cells\ArtikelTerkini::render() must be compatible with CodeIgniter\View\Cell::render(string $library, $params = null, int $ttl = 0, ?string $cacheName = null): string
[Method: GET, Route: home]
in APPPATH\Cells\ArtikelTerkini.php on line 7.
 1 [internal function]: CodeIgniter\Debug\Exceptions->shutdownHandler()
CRITICAL - 2025-05-15 01:33:18 --> ErrorException: Declaration of App\Cells\ArtikelTerkini::render() must be compatible with CodeIgniter\View\Cell::render(string $library, $params = null, int $ttl = 0, ?string $cacheName = null): string
[Method: GET, Route: home]
in APPPATH\Cells\ArtikelTerkini.php on line 7.
 1 [internal function]: CodeIgniter\Debug\Exceptions->shutdownHandler()
CRITICAL - 2025-05-15 01:33:19 --> ErrorException: Declaration of App\Cells\ArtikelTerkini::render() must be compatible with CodeIgniter\View\Cell::render(string $library, $params = null, int $ttl = 0, ?string $cacheName = null): string
[Method: GET, Route: home]
in APPPATH\Cells\ArtikelTerkini.php on line 7.
 1 [internal function]: CodeIgniter\Debug\Exceptions->shutdownHandler()
CRITICAL - 2025-05-15 01:33:19 --> ErrorException: Declaration of App\Cells\ArtikelTerkini::render() must be compatible with CodeIgniter\View\Cell::render(string $library, $params = null, int $ttl = 0, ?string $cacheName = null): string
[Method: GET, Route: home]
in APPPATH\Cells\ArtikelTerkini.php on line 7.
 1 [internal function]: CodeIgniter\Debug\Exceptions->shutdownHandler()
CRITICAL - 2025-05-15 01:34:15 --> ErrorException: Declaration of App\Cells\ArtikelTerkini::render() must be compatible with CodeIgniter\View\Cell::render(string $library, $params = null, int $ttl = 0, ?string $cacheName = null): string
[Method: GET, Route: home]
in APPPATH\Cells\ArtikelTerkini.php on line 7.
 1 [internal function]: CodeIgniter\Debug\Exceptions->shutdownHandler()
CRITICAL - 2025-05-15 01:35:13 --> ArgumentCountError: Too few arguments to function CodeIgniter\View\Cell::__construct(), 0 passed in C:\xampp\htdocs\lab11_ci\ci4_pertemuan4\system\Config\Factories.php on line 152 and exactly 1 expected
[Method: GET, Route: home]
in SYSTEMPATH\View\Cell.php on line 62.
 1 SYSTEMPATH\Config\Factories.php(152): CodeIgniter\View\Cell->__construct()
 2 SYSTEMPATH\View\Cell.php(186): CodeIgniter\Config\Factories::__callStatic('cells', [])
 3 SYSTEMPATH\View\Cell.php(79): CodeIgniter\View\Cell->determineClass('App\\Cells\\ArtikelTerkini:render')
 4 SYSTEMPATH\Common.php(1189): CodeIgniter\View\Cell->render('App\\Cells\\ArtikelTerkini::render', null, 0, null)
 5 APPPATH\Views\layout\main.php(26): view_cell('App\\Cells\\ArtikelTerkini::render')
 6 SYSTEMPATH\View\View.php(224): include('C:\\xampp\\htdocs\\lab11_ci\\ci4_pertemuan4\\app\\Views\\layout\\main.php')
 7 SYSTEMPATH\View\View.php(227): CodeIgniter\View\View->CodeIgniter\View\{closure}()
 8 SYSTEMPATH\View\View.php(240): CodeIgniter\View\View->render('./layout/main', [], true)
 9 SYSTEMPATH\Common.php(1173): CodeIgniter\View\View->render('home', [], true)
10 APPPATH\Controllers\Home.php(13): view('home', [...])
11 SYSTEMPATH\CodeIgniter.php(933): App\Controllers\Home->home()
12 SYSTEMPATH\CodeIgniter.php(507): CodeIgniter\CodeIgniter->runController(Object(App\Controllers\Home))
13 SYSTEMPATH\CodeIgniter.php(354): CodeIgniter\CodeIgniter->handleRequest(null, Object(Config\Cache), false)
14 SYSTEMPATH\Boot.php(334): CodeIgniter\CodeIgniter->run()
15 SYSTEMPATH\Boot.php(67): CodeIgniter\Boot::runCodeIgniter(Object(CodeIgniter\CodeIgniter))
16 FCPATH\index.php(56): CodeIgniter\Boot::bootWeb(Object(Config\Paths))
17 SYSTEMPATH\rewrite.php(44): require_once('C:\\xampp\\htdocs\\lab11_ci\\ci4_pertemuan4\\public\\index.php')
CRITICAL - 2025-05-15 01:35:32 --> ArgumentCountError: Too few arguments to function CodeIgniter\View\Cell::__construct(), 0 passed in C:\xampp\htdocs\lab11_ci\ci4_pertemuan4\system\Config\Factories.php on line 152 and exactly 1 expected
[Method: GET, Route: home]
in SYSTEMPATH\View\Cell.php on line 62.
 1 SYSTEMPATH\Config\Factories.php(152): CodeIgniter\View\Cell->__construct()
 2 SYSTEMPATH\View\Cell.php(186): CodeIgniter\Config\Factories::__callStatic('cells', [])
 3 SYSTEMPATH\View\Cell.php(79): CodeIgniter\View\Cell->determineClass('App\\Cells\\ArtikelTerkini:show')
 4 SYSTEMPATH\Common.php(1189): CodeIgniter\View\Cell->render('App\\Cells\\ArtikelTerkini::show', null, 0, null)
 5 APPPATH\Views\layout\main.php(26): view_cell('App\\Cells\\ArtikelTerkini::show')
 6 SYSTEMPATH\View\View.php(224): include('C:\\xampp\\htdocs\\lab11_ci\\ci4_pertemuan4\\app\\Views\\layout\\main.php')
 7 SYSTEMPATH\View\View.php(227): CodeIgniter\View\View->CodeIgniter\View\{closure}()
 8 SYSTEMPATH\View\View.php(240): CodeIgniter\View\View->render('./layout/main', [], true)
 9 SYSTEMPATH\Common.php(1173): CodeIgniter\View\View->render('home', [], true)
10 APPPATH\Controllers\Home.php(13): view('home', [...])
11 SYSTEMPATH\CodeIgniter.php(933): App\Controllers\Home->home()
12 SYSTEMPATH\CodeIgniter.php(507): CodeIgniter\CodeIgniter->runController(Object(App\Controllers\Home))
13 SYSTEMPATH\CodeIgniter.php(354): CodeIgniter\CodeIgniter->handleRequest(null, Object(Config\Cache), false)
14 SYSTEMPATH\Boot.php(334): CodeIgniter\CodeIgniter->run()
15 SYSTEMPATH\Boot.php(67): CodeIgniter\Boot::runCodeIgniter(Object(CodeIgniter\CodeIgniter))
16 FCPATH\index.php(56): CodeIgniter\Boot::bootWeb(Object(Config\Paths))
17 SYSTEMPATH\rewrite.php(44): require_once('C:\\xampp\\htdocs\\lab11_ci\\ci4_pertemuan4\\public\\index.php')
CRITICAL - 2025-05-15 01:37:03 --> ArgumentCountError: Too few arguments to function CodeIgniter\View\Cell::__construct(), 0 passed in C:\xampp\htdocs\lab11_ci\ci4_pertemuan4\system\Config\Factories.php on line 152 and exactly 1 expected
[Method: GET, Route: home]
in SYSTEMPATH\View\Cell.php on line 62.
 1 SYSTEMPATH\Config\Factories.php(152): CodeIgniter\View\Cell->__construct()
 2 SYSTEMPATH\View\Cell.php(186): CodeIgniter\Config\Factories::__callStatic('cells', [])
 3 SYSTEMPATH\View\Cell.php(79): CodeIgniter\View\Cell->determineClass('App\\Cells\\ArtikelTerkini:show')
 4 SYSTEMPATH\Common.php(1189): CodeIgniter\View\Cell->render('App\\Cells\\ArtikelTerkini::show', null, 0, null)
 5 APPPATH\Views\layout\main.php(26): view_cell('App\\Cells\\ArtikelTerkini::show')
 6 SYSTEMPATH\View\View.php(224): include('C:\\xampp\\htdocs\\lab11_ci\\ci4_pertemuan4\\app\\Views\\layout\\main.php')
 7 SYSTEMPATH\View\View.php(227): CodeIgniter\View\View->CodeIgniter\View\{closure}()
 8 SYSTEMPATH\View\View.php(240): CodeIgniter\View\View->render('./layout/main', [], true)
 9 SYSTEMPATH\Common.php(1173): CodeIgniter\View\View->render('home', [], true)
10 APPPATH\Controllers\Home.php(13): view('home', [...])
11 SYSTEMPATH\CodeIgniter.php(933): App\Controllers\Home->home()
12 SYSTEMPATH\CodeIgniter.php(507): CodeIgniter\CodeIgniter->runController(Object(App\Controllers\Home))
13 SYSTEMPATH\CodeIgniter.php(354): CodeIgniter\CodeIgniter->handleRequest(null, Object(Config\Cache), false)
14 SYSTEMPATH\Boot.php(334): CodeIgniter\CodeIgniter->run()
15 SYSTEMPATH\Boot.php(67): CodeIgniter\Boot::runCodeIgniter(Object(CodeIgniter\CodeIgniter))
16 FCPATH\index.php(56): CodeIgniter\Boot::bootWeb(Object(Config\Paths))
17 SYSTEMPATH\rewrite.php(44): require_once('C:\\xampp\\htdocs\\lab11_ci\\ci4_pertemuan4\\public\\index.php')
CRITICAL - 2025-05-15 01:37:04 --> ArgumentCountError: Too few arguments to function CodeIgniter\View\Cell::__construct(), 0 passed in C:\xampp\htdocs\lab11_ci\ci4_pertemuan4\system\Config\Factories.php on line 152 and exactly 1 expected
[Method: GET, Route: home]
in SYSTEMPATH\View\Cell.php on line 62.
 1 SYSTEMPATH\Config\Factories.php(152): CodeIgniter\View\Cell->__construct()
 2 SYSTEMPATH\View\Cell.php(186): CodeIgniter\Config\Factories::__callStatic('cells', [])
 3 SYSTEMPATH\View\Cell.php(79): CodeIgniter\View\Cell->determineClass('App\\Cells\\ArtikelTerkini:show')
 4 SYSTEMPATH\Common.php(1189): CodeIgniter\View\Cell->render('App\\Cells\\ArtikelTerkini::show', null, 0, null)
 5 APPPATH\Views\layout\main.php(26): view_cell('App\\Cells\\ArtikelTerkini::show')
 6 SYSTEMPATH\View\View.php(224): include('C:\\xampp\\htdocs\\lab11_ci\\ci4_pertemuan4\\app\\Views\\layout\\main.php')
 7 SYSTEMPATH\View\View.php(227): CodeIgniter\View\View->CodeIgniter\View\{closure}()
 8 SYSTEMPATH\View\View.php(240): CodeIgniter\View\View->render('./layout/main', [], true)
 9 SYSTEMPATH\Common.php(1173): CodeIgniter\View\View->render('home', [], true)
10 APPPATH\Controllers\Home.php(13): view('home', [...])
11 SYSTEMPATH\CodeIgniter.php(933): App\Controllers\Home->home()
12 SYSTEMPATH\CodeIgniter.php(507): CodeIgniter\CodeIgniter->runController(Object(App\Controllers\Home))
13 SYSTEMPATH\CodeIgniter.php(354): CodeIgniter\CodeIgniter->handleRequest(null, Object(Config\Cache), false)
14 SYSTEMPATH\Boot.php(334): CodeIgniter\CodeIgniter->run()
15 SYSTEMPATH\Boot.php(67): CodeIgniter\Boot::runCodeIgniter(Object(CodeIgniter\CodeIgniter))
16 FCPATH\index.php(56): CodeIgniter\Boot::bootWeb(Object(Config\Paths))
17 SYSTEMPATH\rewrite.php(44): require_once('C:\\xampp\\htdocs\\lab11_ci\\ci4_pertemuan4\\public\\index.php')
CRITICAL - 2025-05-15 01:37:05 --> ArgumentCountError: Too few arguments to function CodeIgniter\View\Cell::__construct(), 0 passed in C:\xampp\htdocs\lab11_ci\ci4_pertemuan4\system\Config\Factories.php on line 152 and exactly 1 expected
[Method: GET, Route: home]
in SYSTEMPATH\View\Cell.php on line 62.
 1 SYSTEMPATH\Config\Factories.php(152): CodeIgniter\View\Cell->__construct()
 2 SYSTEMPATH\View\Cell.php(186): CodeIgniter\Config\Factories::__callStatic('cells', [])
 3 SYSTEMPATH\View\Cell.php(79): CodeIgniter\View\Cell->determineClass('App\\Cells\\ArtikelTerkini:show')
 4 SYSTEMPATH\Common.php(1189): CodeIgniter\View\Cell->render('App\\Cells\\ArtikelTerkini::show', null, 0, null)
 5 APPPATH\Views\layout\main.php(26): view_cell('App\\Cells\\ArtikelTerkini::show')
 6 SYSTEMPATH\View\View.php(224): include('C:\\xampp\\htdocs\\lab11_ci\\ci4_pertemuan4\\app\\Views\\layout\\main.php')
 7 SYSTEMPATH\View\View.php(227): CodeIgniter\View\View->CodeIgniter\View\{closure}()
 8 SYSTEMPATH\View\View.php(240): CodeIgniter\View\View->render('./layout/main', [], true)
 9 SYSTEMPATH\Common.php(1173): CodeIgniter\View\View->render('home', [], true)
10 APPPATH\Controllers\Home.php(13): view('home', [...])
11 SYSTEMPATH\CodeIgniter.php(933): App\Controllers\Home->home()
12 SYSTEMPATH\CodeIgniter.php(507): CodeIgniter\CodeIgniter->runController(Object(App\Controllers\Home))
13 SYSTEMPATH\CodeIgniter.php(354): CodeIgniter\CodeIgniter->handleRequest(null, Object(Config\Cache), false)
14 SYSTEMPATH\Boot.php(334): CodeIgniter\CodeIgniter->run()
15 SYSTEMPATH\Boot.php(67): CodeIgniter\Boot::runCodeIgniter(Object(CodeIgniter\CodeIgniter))
16 FCPATH\index.php(56): CodeIgniter\Boot::bootWeb(Object(Config\Paths))
17 SYSTEMPATH\rewrite.php(44): require_once('C:\\xampp\\htdocs\\lab11_ci\\ci4_pertemuan4\\public\\index.php')
ERROR - 2025-05-15 01:40:50 --> mysqli_sql_exception: Unknown column 'created_at' in 'order clause' in C:\xampp\htdocs\lab11_ci\ci4_pertemuan4\system\Database\MySQLi\Connection.php:327
Stack trace:
#0 C:\xampp\htdocs\lab11_ci\ci4_pertemuan4\system\Database\MySQLi\Connection.php(327): mysqli->query('SELECT *\nFROM `...', 0)
#1 C:\xampp\htdocs\lab11_ci\ci4_pertemuan4\system\Database\BaseConnection.php(738): CodeIgniter\Database\MySQLi\Connection->execute('SELECT *\nFROM `...')
#2 C:\xampp\htdocs\lab11_ci\ci4_pertemuan4\system\Database\BaseConnection.php(652): CodeIgniter\Database\BaseConnection->simpleQuery('SELECT *\nFROM `...')
#3 C:\xampp\htdocs\lab11_ci\ci4_pertemuan4\system\Database\BaseBuilder.php(1649): CodeIgniter\Database\BaseConnection->query('SELECT *\nFROM `...', Array, false)
#4 C:\xampp\htdocs\lab11_ci\ci4_pertemuan4\system\Model.php(286): CodeIgniter\Database\BaseBuilder->get()
#5 C:\xampp\htdocs\lab11_ci\ci4_pertemuan4\system\BaseModel.php(675): CodeIgniter\Model->doFindAll(0, 0)
#6 C:\xampp\htdocs\lab11_ci\ci4_pertemuan4\app\Cells\ArtikelTerkini.php(12): CodeIgniter\BaseModel->findAll()
#7 C:\xampp\htdocs\lab11_ci\ci4_pertemuan4\system\View\Cell.php(283): App\Cells\ArtikelTerkini->render()
#8 C:\xampp\htdocs\lab11_ci\ci4_pertemuan4\system\View\Cell.php(104): CodeIgniter\View\Cell->renderSimpleClass(Object(App\Cells\ArtikelTerkini), 'render', Array, 'App\\Cells\\Artik...')
#9 C:\xampp\htdocs\lab11_ci\ci4_pertemuan4\system\Common.php(1189): CodeIgniter\View\Cell->render('App\\Cells\\Artik...', Array, 0, 'AppCellsArtikel...')
#10 C:\xampp\htdocs\lab11_ci\ci4_pertemuan4\app\Views\layout\main.php(26): view_cell('App\\Cells\\Artik...')
#11 C:\xampp\htdocs\lab11_ci\ci4_pertemuan4\system\View\View.php(224): include('C:\\xampp\\htdocs...')
#12 C:\xampp\htdocs\lab11_ci\ci4_pertemuan4\system\View\View.php(227): CodeIgniter\View\View->CodeIgniter\View\{closure}()
#13 C:\xampp\htdocs\lab11_ci\ci4_pertemuan4\system\View\View.php(240): CodeIgniter\View\View->render('layout/main', Array, true)
#14 C:\xampp\htdocs\lab11_ci\ci4_pertemuan4\system\Common.php(1173): CodeIgniter\View\View->render('home', Array, true)
#15 C:\xampp\htdocs\lab11_ci\ci4_pertemuan4\app\Controllers\Home.php(13): view('home', Array)
#16 C:\xampp\htdocs\lab11_ci\ci4_pertemuan4\system\CodeIgniter.php(933): App\Controllers\Home->home()
#17 C:\xampp\htdocs\lab11_ci\ci4_pertemuan4\system\CodeIgniter.php(507): CodeIgniter\CodeIgniter->runController(Object(App\Controllers\Home))
#18 C:\xampp\htdocs\lab11_ci\ci4_pertemuan4\system\CodeIgniter.php(354): CodeIgniter\CodeIgniter->handleRequest(NULL, Object(Config\Cache), false)
#19 C:\xampp\htdocs\lab11_ci\ci4_pertemuan4\system\Boot.php(334): CodeIgniter\CodeIgniter->run()
#20 C:\xampp\htdocs\lab11_ci\ci4_pertemuan4\system\Boot.php(67): CodeIgniter\Boot::runCodeIgniter(Object(CodeIgniter\CodeIgniter))
#21 C:\xampp\htdocs\lab11_ci\ci4_pertemuan4\public\index.php(56): CodeIgniter\Boot::bootWeb(Object(Config\Paths))
#22 C:\xampp\htdocs\lab11_ci\ci4_pertemuan4\system\rewrite.php(44): require_once('C:\\xampp\\htdocs...')
#23 {main}
CRITICAL - 2025-05-15 01:40:50 --> CodeIgniter\Database\Exceptions\DatabaseException: Unknown column 'created_at' in 'order clause'
[Method: GET, Route: home]
in SYSTEMPATH\Database\BaseConnection.php on line 692.
 1 SYSTEMPATH\Database\BaseBuilder.php(1649): CodeIgniter\Database\BaseConnection->query('SELECT *
FROM `artikel`
ORDER BY `created_at` DESC
 LIMIT 5', [], false)
 2 SYSTEMPATH\Model.php(286): CodeIgniter\Database\BaseBuilder->get()
 3 SYSTEMPATH\BaseModel.php(675): CodeIgniter\Model->doFindAll(0, 0)
 4 APPPATH\Cells\ArtikelTerkini.php(12): CodeIgniter\BaseModel->findAll()
 5 SYSTEMPATH\View\Cell.php(283): App\Cells\ArtikelTerkini->render()
 6 SYSTEMPATH\View\Cell.php(104): CodeIgniter\View\Cell->renderSimpleClass(Object(App\Cells\ArtikelTerkini), 'render', [], 'App\\Cells\\ArtikelTerkini')
 7 SYSTEMPATH\Common.php(1189): CodeIgniter\View\Cell->render('App\\Cells\\ArtikelTerkini::render', [], 0, 'AppCellsArtikelTerkinirender40cd750bba9870f18aada2478b24840a')
 8 APPPATH\Views\layout\main.php(26): view_cell('App\\Cells\\ArtikelTerkini::render')
 9 SYSTEMPATH\View\View.php(224): include('C:\\xampp\\htdocs\\lab11_ci\\ci4_pertemuan4\\app\\Views\\layout\\main.php')
10 SYSTEMPATH\View\View.php(227): CodeIgniter\View\View->CodeIgniter\View\{closure}()
11 SYSTEMPATH\View\View.php(240): CodeIgniter\View\View->render('layout/main', [], true)
12 SYSTEMPATH\Common.php(1173): CodeIgniter\View\View->render('home', [], true)
13 APPPATH\Controllers\Home.php(13): view('home', [...])
14 SYSTEMPATH\CodeIgniter.php(933): App\Controllers\Home->home()
15 SYSTEMPATH\CodeIgniter.php(507): CodeIgniter\CodeIgniter->runController(Object(App\Controllers\Home))
16 SYSTEMPATH\CodeIgniter.php(354): CodeIgniter\CodeIgniter->handleRequest(null, Object(Config\Cache), false)
17 SYSTEMPATH\Boot.php(334): CodeIgniter\CodeIgniter->run()
18 SYSTEMPATH\Boot.php(67): CodeIgniter\Boot::runCodeIgniter(Object(CodeIgniter\CodeIgniter))
19 FCPATH\index.php(56): CodeIgniter\Boot::bootWeb(Object(Config\Paths))
20 SYSTEMPATH\rewrite.php(44): require_once('C:\\xampp\\htdocs\\lab11_ci\\ci4_pertemuan4\\public\\index.php')
CRITICAL - 2025-05-15 01:40:50 --> [Caused by] CodeIgniter\Database\Exceptions\DatabaseException: Unknown column 'created_at' in 'order clause'
in SYSTEMPATH\Database\MySQLi\Connection.php on line 332.
 1 SYSTEMPATH\Database\BaseConnection.php(738): CodeIgniter\Database\MySQLi\Connection->execute('SELECT *
FROM `artikel`
ORDER BY `created_at` DESC
 LIMIT 5')
 2 SYSTEMPATH\Database\BaseConnection.php(652): CodeIgniter\Database\BaseConnection->simpleQuery('SELECT *
FROM `artikel`
ORDER BY `created_at` DESC
 LIMIT 5')
 3 SYSTEMPATH\Database\BaseBuilder.php(1649): CodeIgniter\Database\BaseConnection->query('SELECT *
FROM `artikel`
ORDER BY `created_at` DESC
 LIMIT 5', [], false)
 4 SYSTEMPATH\Model.php(286): CodeIgniter\Database\BaseBuilder->get()
 5 SYSTEMPATH\BaseModel.php(675): CodeIgniter\Model->doFindAll(0, 0)
 6 APPPATH\Cells\ArtikelTerkini.php(12): CodeIgniter\BaseModel->findAll()
 7 SYSTEMPATH\View\Cell.php(283): App\Cells\ArtikelTerkini->render()
 8 SYSTEMPATH\View\Cell.php(104): CodeIgniter\View\Cell->renderSimpleClass(Object(App\Cells\ArtikelTerkini), 'render', [], 'App\\Cells\\ArtikelTerkini')
 9 SYSTEMPATH\Common.php(1189): CodeIgniter\View\Cell->render('App\\Cells\\ArtikelTerkini::render', [], 0, 'AppCellsArtikelTerkinirender40cd750bba9870f18aada2478b24840a')
10 APPPATH\Views\layout\main.php(26): view_cell('App\\Cells\\ArtikelTerkini::render')
11 SYSTEMPATH\View\View.php(224): include('C:\\xampp\\htdocs\\lab11_ci\\ci4_pertemuan4\\app\\Views\\layout\\main.php')
12 SYSTEMPATH\View\View.php(227): CodeIgniter\View\View->CodeIgniter\View\{closure}()
13 SYSTEMPATH\View\View.php(240): CodeIgniter\View\View->render('layout/main', [], true)
14 SYSTEMPATH\Common.php(1173): CodeIgniter\View\View->render('home', [], true)
15 APPPATH\Controllers\Home.php(13): view('home', [...])
16 SYSTEMPATH\CodeIgniter.php(933): App\Controllers\Home->home()
17 SYSTEMPATH\CodeIgniter.php(507): CodeIgniter\CodeIgniter->runController(Object(App\Controllers\Home))
18 SYSTEMPATH\CodeIgniter.php(354): CodeIgniter\CodeIgniter->handleRequest(null, Object(Config\Cache), false)
19 SYSTEMPATH\Boot.php(334): CodeIgniter\CodeIgniter->run()
20 SYSTEMPATH\Boot.php(67): CodeIgniter\Boot::runCodeIgniter(Object(CodeIgniter\CodeIgniter))
21 FCPATH\index.php(56): CodeIgniter\Boot::bootWeb(Object(Config\Paths))
22 SYSTEMPATH\rewrite.php(44): require_once('C:\\xampp\\htdocs\\lab11_ci\\ci4_pertemuan4\\public\\index.php')
CRITICAL - 2025-05-15 01:40:50 --> [Caused by] mysqli_sql_exception: Unknown column 'created_at' in 'order clause'
in SYSTEMPATH\Database\MySQLi\Connection.php on line 327.
 1 SYSTEMPATH\Database\MySQLi\Connection.php(327): mysqli->query('SELECT *
FROM `artikel`
ORDER BY `created_at` DESC
 LIMIT 5', 0)
 2 SYSTEMPATH\Database\BaseConnection.php(738): CodeIgniter\Database\MySQLi\Connection->execute('SELECT *
FROM `artikel`
ORDER BY `created_at` DESC
 LIMIT 5')
 3 SYSTEMPATH\Database\BaseConnection.php(652): CodeIgniter\Database\BaseConnection->simpleQuery('SELECT *
FROM `artikel`
ORDER BY `created_at` DESC
 LIMIT 5')
 4 SYSTEMPATH\Database\BaseBuilder.php(1649): CodeIgniter\Database\BaseConnection->query('SELECT *
FROM `artikel`
ORDER BY `created_at` DESC
 LIMIT 5', [], false)
 5 SYSTEMPATH\Model.php(286): CodeIgniter\Database\BaseBuilder->get()
 6 SYSTEMPATH\BaseModel.php(675): CodeIgniter\Model->doFindAll(0, 0)
 7 APPPATH\Cells\ArtikelTerkini.php(12): CodeIgniter\BaseModel->findAll()
 8 SYSTEMPATH\View\Cell.php(283): App\Cells\ArtikelTerkini->render()
 9 SYSTEMPATH\View\Cell.php(104): CodeIgniter\View\Cell->renderSimpleClass(Object(App\Cells\ArtikelTerkini), 'render', [], 'App\\Cells\\ArtikelTerkini')
10 SYSTEMPATH\Common.php(1189): CodeIgniter\View\Cell->render('App\\Cells\\ArtikelTerkini::render', [], 0, 'AppCellsArtikelTerkinirender40cd750bba9870f18aada2478b24840a')
11 APPPATH\Views\layout\main.php(26): view_cell('App\\Cells\\ArtikelTerkini::render')
12 SYSTEMPATH\View\View.php(224): include('C:\\xampp\\htdocs\\lab11_ci\\ci4_pertemuan4\\app\\Views\\layout\\main.php')
13 SYSTEMPATH\View\View.php(227): CodeIgniter\View\View->CodeIgniter\View\{closure}()
14 SYSTEMPATH\View\View.php(240): CodeIgniter\View\View->render('layout/main', [], true)
15 SYSTEMPATH\Common.php(1173): CodeIgniter\View\View->render('home', [], true)
16 APPPATH\Controllers\Home.php(13): view('home', [...])
17 SYSTEMPATH\CodeIgniter.php(933): App\Controllers\Home->home()
18 SYSTEMPATH\CodeIgniter.php(507): CodeIgniter\CodeIgniter->runController(Object(App\Controllers\Home))
19 SYSTEMPATH\CodeIgniter.php(354): CodeIgniter\CodeIgniter->handleRequest(null, Object(Config\Cache), false)
20 SYSTEMPATH\Boot.php(334): CodeIgniter\CodeIgniter->run()
21 SYSTEMPATH\Boot.php(67): CodeIgniter\Boot::runCodeIgniter(Object(CodeIgniter\CodeIgniter))
22 FCPATH\index.php(56): CodeIgniter\Boot::bootWeb(Object(Config\Paths))
23 SYSTEMPATH\rewrite.php(44): require_once('C:\\xampp\\htdocs\\lab11_ci\\ci4_pertemuan4\\public\\index.php')
ERROR - 2025-05-15 01:50:07 --> mysqli_sql_exception: Unknown column 'created_at' in 'order clause' in C:\xampp\htdocs\lab11_ci\ci4_pertemuan4\system\Database\MySQLi\Connection.php:327
Stack trace:
#0 C:\xampp\htdocs\lab11_ci\ci4_pertemuan4\system\Database\MySQLi\Connection.php(327): mysqli->query('SELECT *\nFROM `...', 0)
#1 C:\xampp\htdocs\lab11_ci\ci4_pertemuan4\system\Database\BaseConnection.php(738): CodeIgniter\Database\MySQLi\Connection->execute('SELECT *\nFROM `...')
#2 C:\xampp\htdocs\lab11_ci\ci4_pertemuan4\system\Database\BaseConnection.php(652): CodeIgniter\Database\BaseConnection->simpleQuery('SELECT *\nFROM `...')
#3 C:\xampp\htdocs\lab11_ci\ci4_pertemuan4\system\Database\BaseBuilder.php(1649): CodeIgniter\Database\BaseConnection->query('SELECT *\nFROM `...', Array, false)
#4 C:\xampp\htdocs\lab11_ci\ci4_pertemuan4\system\Model.php(286): CodeIgniter\Database\BaseBuilder->get()
#5 C:\xampp\htdocs\lab11_ci\ci4_pertemuan4\system\BaseModel.php(675): CodeIgniter\Model->doFindAll(0, 0)
#6 C:\xampp\htdocs\lab11_ci\ci4_pertemuan4\app\Cells\ArtikelTerkini.php(12): CodeIgniter\BaseModel->findAll()
#7 C:\xampp\htdocs\lab11_ci\ci4_pertemuan4\system\View\Cell.php(283): App\Cells\ArtikelTerkini->render()
#8 C:\xampp\htdocs\lab11_ci\ci4_pertemuan4\system\View\Cell.php(104): CodeIgniter\View\Cell->renderSimpleClass(Object(App\Cells\ArtikelTerkini), 'render', Array, 'App\\Cells\\Artik...')
#9 C:\xampp\htdocs\lab11_ci\ci4_pertemuan4\system\Common.php(1189): CodeIgniter\View\Cell->render('App\\Cells\\Artik...', Array, 0, 'AppCellsArtikel...')
#10 C:\xampp\htdocs\lab11_ci\ci4_pertemuan4\app\Views\layout\main.php(26): view_cell('App\\Cells\\Artik...')
#11 C:\xampp\htdocs\lab11_ci\ci4_pertemuan4\system\View\View.php(224): include('C:\\xampp\\htdocs...')
#12 C:\xampp\htdocs\lab11_ci\ci4_pertemuan4\system\View\View.php(227): CodeIgniter\View\View->CodeIgniter\View\{closure}()
#13 C:\xampp\htdocs\lab11_ci\ci4_pertemuan4\system\View\View.php(240): CodeIgniter\View\View->render('layout/main', Array, true)
#14 C:\xampp\htdocs\lab11_ci\ci4_pertemuan4\system\Common.php(1173): CodeIgniter\View\View->render('home', Array, true)
#15 C:\xampp\htdocs\lab11_ci\ci4_pertemuan4\app\Controllers\Home.php(13): view('home', Array)
#16 C:\xampp\htdocs\lab11_ci\ci4_pertemuan4\system\CodeIgniter.php(933): App\Controllers\Home->home()
#17 C:\xampp\htdocs\lab11_ci\ci4_pertemuan4\system\CodeIgniter.php(507): CodeIgniter\CodeIgniter->runController(Object(App\Controllers\Home))
#18 C:\xampp\htdocs\lab11_ci\ci4_pertemuan4\system\CodeIgniter.php(354): CodeIgniter\CodeIgniter->handleRequest(NULL, Object(Config\Cache), false)
#19 C:\xampp\htdocs\lab11_ci\ci4_pertemuan4\system\Boot.php(334): CodeIgniter\CodeIgniter->run()
#20 C:\xampp\htdocs\lab11_ci\ci4_pertemuan4\system\Boot.php(67): CodeIgniter\Boot::runCodeIgniter(Object(CodeIgniter\CodeIgniter))
#21 C:\xampp\htdocs\lab11_ci\ci4_pertemuan4\public\index.php(56): CodeIgniter\Boot::bootWeb(Object(Config\Paths))
#22 C:\xampp\htdocs\lab11_ci\ci4_pertemuan4\system\rewrite.php(44): require_once('C:\\xampp\\htdocs...')
#23 {main}
CRITICAL - 2025-05-15 01:50:07 --> CodeIgniter\Database\Exceptions\DatabaseException: Unknown column 'created_at' in 'order clause'
[Method: GET, Route: home]
in SYSTEMPATH\Database\BaseConnection.php on line 692.
 1 SYSTEMPATH\Database\BaseBuilder.php(1649): CodeIgniter\Database\BaseConnection->query('SELECT *
FROM `artikel`
ORDER BY `created_at` DESC
 LIMIT 5', [], false)
 2 SYSTEMPATH\Model.php(286): CodeIgniter\Database\BaseBuilder->get()
 3 SYSTEMPATH\BaseModel.php(675): CodeIgniter\Model->doFindAll(0, 0)
 4 APPPATH\Cells\ArtikelTerkini.php(12): CodeIgniter\BaseModel->findAll()
 5 SYSTEMPATH\View\Cell.php(283): App\Cells\ArtikelTerkini->render()
 6 SYSTEMPATH\View\Cell.php(104): CodeIgniter\View\Cell->renderSimpleClass(Object(App\Cells\ArtikelTerkini), 'render', [], 'App\\Cells\\ArtikelTerkini')
 7 SYSTEMPATH\Common.php(1189): CodeIgniter\View\Cell->render('App\\Cells\\ArtikelTerkini::render', [], 0, 'AppCellsArtikelTerkinirender40cd750bba9870f18aada2478b24840a')
 8 APPPATH\Views\layout\main.php(26): view_cell('App\\Cells\\ArtikelTerkini::render')
 9 SYSTEMPATH\View\View.php(224): include('C:\\xampp\\htdocs\\lab11_ci\\ci4_pertemuan4\\app\\Views\\layout\\main.php')
10 SYSTEMPATH\View\View.php(227): CodeIgniter\View\View->CodeIgniter\View\{closure}()
11 SYSTEMPATH\View\View.php(240): CodeIgniter\View\View->render('layout/main', [], true)
12 SYSTEMPATH\Common.php(1173): CodeIgniter\View\View->render('home', [], true)
13 APPPATH\Controllers\Home.php(13): view('home', [...])
14 SYSTEMPATH\CodeIgniter.php(933): App\Controllers\Home->home()
15 SYSTEMPATH\CodeIgniter.php(507): CodeIgniter\CodeIgniter->runController(Object(App\Controllers\Home))
16 SYSTEMPATH\CodeIgniter.php(354): CodeIgniter\CodeIgniter->handleRequest(null, Object(Config\Cache), false)
17 SYSTEMPATH\Boot.php(334): CodeIgniter\CodeIgniter->run()
18 SYSTEMPATH\Boot.php(67): CodeIgniter\Boot::runCodeIgniter(Object(CodeIgniter\CodeIgniter))
19 FCPATH\index.php(56): CodeIgniter\Boot::bootWeb(Object(Config\Paths))
20 SYSTEMPATH\rewrite.php(44): require_once('C:\\xampp\\htdocs\\lab11_ci\\ci4_pertemuan4\\public\\index.php')
CRITICAL - 2025-05-15 01:50:07 --> [Caused by] CodeIgniter\Database\Exceptions\DatabaseException: Unknown column 'created_at' in 'order clause'
in SYSTEMPATH\Database\MySQLi\Connection.php on line 332.
 1 SYSTEMPATH\Database\BaseConnection.php(738): CodeIgniter\Database\MySQLi\Connection->execute('SELECT *
FROM `artikel`
ORDER BY `created_at` DESC
 LIMIT 5')
 2 SYSTEMPATH\Database\BaseConnection.php(652): CodeIgniter\Database\BaseConnection->simpleQuery('SELECT *
FROM `artikel`
ORDER BY `created_at` DESC
 LIMIT 5')
 3 SYSTEMPATH\Database\BaseBuilder.php(1649): CodeIgniter\Database\BaseConnection->query('SELECT *
FROM `artikel`
ORDER BY `created_at` DESC
 LIMIT 5', [], false)
 4 SYSTEMPATH\Model.php(286): CodeIgniter\Database\BaseBuilder->get()
 5 SYSTEMPATH\BaseModel.php(675): CodeIgniter\Model->doFindAll(0, 0)
 6 APPPATH\Cells\ArtikelTerkini.php(12): CodeIgniter\BaseModel->findAll()
 7 SYSTEMPATH\View\Cell.php(283): App\Cells\ArtikelTerkini->render()
 8 SYSTEMPATH\View\Cell.php(104): CodeIgniter\View\Cell->renderSimpleClass(Object(App\Cells\ArtikelTerkini), 'render', [], 'App\\Cells\\ArtikelTerkini')
 9 SYSTEMPATH\Common.php(1189): CodeIgniter\View\Cell->render('App\\Cells\\ArtikelTerkini::render', [], 0, 'AppCellsArtikelTerkinirender40cd750bba9870f18aada2478b24840a')
10 APPPATH\Views\layout\main.php(26): view_cell('App\\Cells\\ArtikelTerkini::render')
11 SYSTEMPATH\View\View.php(224): include('C:\\xampp\\htdocs\\lab11_ci\\ci4_pertemuan4\\app\\Views\\layout\\main.php')
12 SYSTEMPATH\View\View.php(227): CodeIgniter\View\View->CodeIgniter\View\{closure}()
13 SYSTEMPATH\View\View.php(240): CodeIgniter\View\View->render('layout/main', [], true)
14 SYSTEMPATH\Common.php(1173): CodeIgniter\View\View->render('home', [], true)
15 APPPATH\Controllers\Home.php(13): view('home', [...])
16 SYSTEMPATH\CodeIgniter.php(933): App\Controllers\Home->home()
17 SYSTEMPATH\CodeIgniter.php(507): CodeIgniter\CodeIgniter->runController(Object(App\Controllers\Home))
18 SYSTEMPATH\CodeIgniter.php(354): CodeIgniter\CodeIgniter->handleRequest(null, Object(Config\Cache), false)
19 SYSTEMPATH\Boot.php(334): CodeIgniter\CodeIgniter->run()
20 SYSTEMPATH\Boot.php(67): CodeIgniter\Boot::runCodeIgniter(Object(CodeIgniter\CodeIgniter))
21 FCPATH\index.php(56): CodeIgniter\Boot::bootWeb(Object(Config\Paths))
22 SYSTEMPATH\rewrite.php(44): require_once('C:\\xampp\\htdocs\\lab11_ci\\ci4_pertemuan4\\public\\index.php')
CRITICAL - 2025-05-15 01:50:07 --> [Caused by] mysqli_sql_exception: Unknown column 'created_at' in 'order clause'
in SYSTEMPATH\Database\MySQLi\Connection.php on line 327.
 1 SYSTEMPATH\Database\MySQLi\Connection.php(327): mysqli->query('SELECT *
FROM `artikel`
ORDER BY `created_at` DESC
 LIMIT 5', 0)
 2 SYSTEMPATH\Database\BaseConnection.php(738): CodeIgniter\Database\MySQLi\Connection->execute('SELECT *
FROM `artikel`
ORDER BY `created_at` DESC
 LIMIT 5')
 3 SYSTEMPATH\Database\BaseConnection.php(652): CodeIgniter\Database\BaseConnection->simpleQuery('SELECT *
FROM `artikel`
ORDER BY `created_at` DESC
 LIMIT 5')
 4 SYSTEMPATH\Database\BaseBuilder.php(1649): CodeIgniter\Database\BaseConnection->query('SELECT *
FROM `artikel`
ORDER BY `created_at` DESC
 LIMIT 5', [], false)
 5 SYSTEMPATH\Model.php(286): CodeIgniter\Database\BaseBuilder->get()
 6 SYSTEMPATH\BaseModel.php(675): CodeIgniter\Model->doFindAll(0, 0)
 7 APPPATH\Cells\ArtikelTerkini.php(12): CodeIgniter\BaseModel->findAll()
 8 SYSTEMPATH\View\Cell.php(283): App\Cells\ArtikelTerkini->render()
 9 SYSTEMPATH\View\Cell.php(104): CodeIgniter\View\Cell->renderSimpleClass(Object(App\Cells\ArtikelTerkini), 'render', [], 'App\\Cells\\ArtikelTerkini')
10 SYSTEMPATH\Common.php(1189): CodeIgniter\View\Cell->render('App\\Cells\\ArtikelTerkini::render', [], 0, 'AppCellsArtikelTerkinirender40cd750bba9870f18aada2478b24840a')
11 APPPATH\Views\layout\main.php(26): view_cell('App\\Cells\\ArtikelTerkini::render')
12 SYSTEMPATH\View\View.php(224): include('C:\\xampp\\htdocs\\lab11_ci\\ci4_pertemuan4\\app\\Views\\layout\\main.php')
13 SYSTEMPATH\View\View.php(227): CodeIgniter\View\View->CodeIgniter\View\{closure}()
14 SYSTEMPATH\View\View.php(240): CodeIgniter\View\View->render('layout/main', [], true)
15 SYSTEMPATH\Common.php(1173): CodeIgniter\View\View->render('home', [], true)
16 APPPATH\Controllers\Home.php(13): view('home', [...])
17 SYSTEMPATH\CodeIgniter.php(933): App\Controllers\Home->home()
18 SYSTEMPATH\CodeIgniter.php(507): CodeIgniter\CodeIgniter->runController(Object(App\Controllers\Home))
19 SYSTEMPATH\CodeIgniter.php(354): CodeIgniter\CodeIgniter->handleRequest(null, Object(Config\Cache), false)
20 SYSTEMPATH\Boot.php(334): CodeIgniter\CodeIgniter->run()
21 SYSTEMPATH\Boot.php(67): CodeIgniter\Boot::runCodeIgniter(Object(CodeIgniter\CodeIgniter))
22 FCPATH\index.php(56): CodeIgniter\Boot::bootWeb(Object(Config\Paths))
23 SYSTEMPATH\rewrite.php(44): require_once('C:\\xampp\\htdocs\\lab11_ci\\ci4_pertemuan4\\public\\index.php')
ERROR - 2025-05-15 01:50:08 --> mysqli_sql_exception: Unknown column 'created_at' in 'order clause' in C:\xampp\htdocs\lab11_ci\ci4_pertemuan4\system\Database\MySQLi\Connection.php:327
Stack trace:
#0 C:\xampp\htdocs\lab11_ci\ci4_pertemuan4\system\Database\MySQLi\Connection.php(327): mysqli->query('SELECT *\nFROM `...', 0)
#1 C:\xampp\htdocs\lab11_ci\ci4_pertemuan4\system\Database\BaseConnection.php(738): CodeIgniter\Database\MySQLi\Connection->execute('SELECT *\nFROM `...')
#2 C:\xampp\htdocs\lab11_ci\ci4_pertemuan4\system\Database\BaseConnection.php(652): CodeIgniter\Database\BaseConnection->simpleQuery('SELECT *\nFROM `...')
#3 C:\xampp\htdocs\lab11_ci\ci4_pertemuan4\system\Database\BaseBuilder.php(1649): CodeIgniter\Database\BaseConnection->query('SELECT *\nFROM `...', Array, false)
#4 C:\xampp\htdocs\lab11_ci\ci4_pertemuan4\system\Model.php(286): CodeIgniter\Database\BaseBuilder->get()
#5 C:\xampp\htdocs\lab11_ci\ci4_pertemuan4\system\BaseModel.php(675): CodeIgniter\Model->doFindAll(0, 0)
#6 C:\xampp\htdocs\lab11_ci\ci4_pertemuan4\app\Cells\ArtikelTerkini.php(12): CodeIgniter\BaseModel->findAll()
#7 C:\xampp\htdocs\lab11_ci\ci4_pertemuan4\system\View\Cell.php(283): App\Cells\ArtikelTerkini->render()
#8 C:\xampp\htdocs\lab11_ci\ci4_pertemuan4\system\View\Cell.php(104): CodeIgniter\View\Cell->renderSimpleClass(Object(App\Cells\ArtikelTerkini), 'render', Array, 'App\\Cells\\Artik...')
#9 C:\xampp\htdocs\lab11_ci\ci4_pertemuan4\system\Common.php(1189): CodeIgniter\View\Cell->render('App\\Cells\\Artik...', Array, 0, 'AppCellsArtikel...')
#10 C:\xampp\htdocs\lab11_ci\ci4_pertemuan4\app\Views\layout\main.php(26): view_cell('App\\Cells\\Artik...')
#11 C:\xampp\htdocs\lab11_ci\ci4_pertemuan4\system\View\View.php(224): include('C:\\xampp\\htdocs...')
#12 C:\xampp\htdocs\lab11_ci\ci4_pertemuan4\system\View\View.php(227): CodeIgniter\View\View->CodeIgniter\View\{closure}()
#13 C:\xampp\htdocs\lab11_ci\ci4_pertemuan4\system\View\View.php(240): CodeIgniter\View\View->render('layout/main', Array, true)
#14 C:\xampp\htdocs\lab11_ci\ci4_pertemuan4\system\Common.php(1173): CodeIgniter\View\View->render('home', Array, true)
#15 C:\xampp\htdocs\lab11_ci\ci4_pertemuan4\app\Controllers\Home.php(13): view('home', Array)
#16 C:\xampp\htdocs\lab11_ci\ci4_pertemuan4\system\CodeIgniter.php(933): App\Controllers\Home->home()
#17 C:\xampp\htdocs\lab11_ci\ci4_pertemuan4\system\CodeIgniter.php(507): CodeIgniter\CodeIgniter->runController(Object(App\Controllers\Home))
#18 C:\xampp\htdocs\lab11_ci\ci4_pertemuan4\system\CodeIgniter.php(354): CodeIgniter\CodeIgniter->handleRequest(NULL, Object(Config\Cache), false)
#19 C:\xampp\htdocs\lab11_ci\ci4_pertemuan4\system\Boot.php(334): CodeIgniter\CodeIgniter->run()
#20 C:\xampp\htdocs\lab11_ci\ci4_pertemuan4\system\Boot.php(67): CodeIgniter\Boot::runCodeIgniter(Object(CodeIgniter\CodeIgniter))
#21 C:\xampp\htdocs\lab11_ci\ci4_pertemuan4\public\index.php(56): CodeIgniter\Boot::bootWeb(Object(Config\Paths))
#22 C:\xampp\htdocs\lab11_ci\ci4_pertemuan4\system\rewrite.php(44): require_once('C:\\xampp\\htdocs...')
#23 {main}
CRITICAL - 2025-05-15 01:50:08 --> CodeIgniter\Database\Exceptions\DatabaseException: Unknown column 'created_at' in 'order clause'
[Method: GET, Route: home]
in SYSTEMPATH\Database\BaseConnection.php on line 692.
 1 SYSTEMPATH\Database\BaseBuilder.php(1649): CodeIgniter\Database\BaseConnection->query('SELECT *
FROM `artikel`
ORDER BY `created_at` DESC
 LIMIT 5', [], false)
 2 SYSTEMPATH\Model.php(286): CodeIgniter\Database\BaseBuilder->get()
 3 SYSTEMPATH\BaseModel.php(675): CodeIgniter\Model->doFindAll(0, 0)
 4 APPPATH\Cells\ArtikelTerkini.php(12): CodeIgniter\BaseModel->findAll()
 5 SYSTEMPATH\View\Cell.php(283): App\Cells\ArtikelTerkini->render()
 6 SYSTEMPATH\View\Cell.php(104): CodeIgniter\View\Cell->renderSimpleClass(Object(App\Cells\ArtikelTerkini), 'render', [], 'App\\Cells\\ArtikelTerkini')
 7 SYSTEMPATH\Common.php(1189): CodeIgniter\View\Cell->render('App\\Cells\\ArtikelTerkini::render', [], 0, 'AppCellsArtikelTerkinirender40cd750bba9870f18aada2478b24840a')
 8 APPPATH\Views\layout\main.php(26): view_cell('App\\Cells\\ArtikelTerkini::render')
 9 SYSTEMPATH\View\View.php(224): include('C:\\xampp\\htdocs\\lab11_ci\\ci4_pertemuan4\\app\\Views\\layout\\main.php')
10 SYSTEMPATH\View\View.php(227): CodeIgniter\View\View->CodeIgniter\View\{closure}()
11 SYSTEMPATH\View\View.php(240): CodeIgniter\View\View->render('layout/main', [], true)
12 SYSTEMPATH\Common.php(1173): CodeIgniter\View\View->render('home', [], true)
13 APPPATH\Controllers\Home.php(13): view('home', [...])
14 SYSTEMPATH\CodeIgniter.php(933): App\Controllers\Home->home()
15 SYSTEMPATH\CodeIgniter.php(507): CodeIgniter\CodeIgniter->runController(Object(App\Controllers\Home))
16 SYSTEMPATH\CodeIgniter.php(354): CodeIgniter\CodeIgniter->handleRequest(null, Object(Config\Cache), false)
17 SYSTEMPATH\Boot.php(334): CodeIgniter\CodeIgniter->run()
18 SYSTEMPATH\Boot.php(67): CodeIgniter\Boot::runCodeIgniter(Object(CodeIgniter\CodeIgniter))
19 FCPATH\index.php(56): CodeIgniter\Boot::bootWeb(Object(Config\Paths))
20 SYSTEMPATH\rewrite.php(44): require_once('C:\\xampp\\htdocs\\lab11_ci\\ci4_pertemuan4\\public\\index.php')
CRITICAL - 2025-05-15 01:50:08 --> [Caused by] CodeIgniter\Database\Exceptions\DatabaseException: Unknown column 'created_at' in 'order clause'
in SYSTEMPATH\Database\MySQLi\Connection.php on line 332.
 1 SYSTEMPATH\Database\BaseConnection.php(738): CodeIgniter\Database\MySQLi\Connection->execute('SELECT *
FROM `artikel`
ORDER BY `created_at` DESC
 LIMIT 5')
 2 SYSTEMPATH\Database\BaseConnection.php(652): CodeIgniter\Database\BaseConnection->simpleQuery('SELECT *
FROM `artikel`
ORDER BY `created_at` DESC
 LIMIT 5')
 3 SYSTEMPATH\Database\BaseBuilder.php(1649): CodeIgniter\Database\BaseConnection->query('SELECT *
FROM `artikel`
ORDER BY `created_at` DESC
 LIMIT 5', [], false)
 4 SYSTEMPATH\Model.php(286): CodeIgniter\Database\BaseBuilder->get()
 5 SYSTEMPATH\BaseModel.php(675): CodeIgniter\Model->doFindAll(0, 0)
 6 APPPATH\Cells\ArtikelTerkini.php(12): CodeIgniter\BaseModel->findAll()
 7 SYSTEMPATH\View\Cell.php(283): App\Cells\ArtikelTerkini->render()
 8 SYSTEMPATH\View\Cell.php(104): CodeIgniter\View\Cell->renderSimpleClass(Object(App\Cells\ArtikelTerkini), 'render', [], 'App\\Cells\\ArtikelTerkini')
 9 SYSTEMPATH\Common.php(1189): CodeIgniter\View\Cell->render('App\\Cells\\ArtikelTerkini::render', [], 0, 'AppCellsArtikelTerkinirender40cd750bba9870f18aada2478b24840a')
10 APPPATH\Views\layout\main.php(26): view_cell('App\\Cells\\ArtikelTerkini::render')
11 SYSTEMPATH\View\View.php(224): include('C:\\xampp\\htdocs\\lab11_ci\\ci4_pertemuan4\\app\\Views\\layout\\main.php')
12 SYSTEMPATH\View\View.php(227): CodeIgniter\View\View->CodeIgniter\View\{closure}()
13 SYSTEMPATH\View\View.php(240): CodeIgniter\View\View->render('layout/main', [], true)
14 SYSTEMPATH\Common.php(1173): CodeIgniter\View\View->render('home', [], true)
15 APPPATH\Controllers\Home.php(13): view('home', [...])
16 SYSTEMPATH\CodeIgniter.php(933): App\Controllers\Home->home()
17 SYSTEMPATH\CodeIgniter.php(507): CodeIgniter\CodeIgniter->runController(Object(App\Controllers\Home))
18 SYSTEMPATH\CodeIgniter.php(354): CodeIgniter\CodeIgniter->handleRequest(null, Object(Config\Cache), false)
19 SYSTEMPATH\Boot.php(334): CodeIgniter\CodeIgniter->run()
20 SYSTEMPATH\Boot.php(67): CodeIgniter\Boot::runCodeIgniter(Object(CodeIgniter\CodeIgniter))
21 FCPATH\index.php(56): CodeIgniter\Boot::bootWeb(Object(Config\Paths))
22 SYSTEMPATH\rewrite.php(44): require_once('C:\\xampp\\htdocs\\lab11_ci\\ci4_pertemuan4\\public\\index.php')
CRITICAL - 2025-05-15 01:50:08 --> [Caused by] mysqli_sql_exception: Unknown column 'created_at' in 'order clause'
in SYSTEMPATH\Database\MySQLi\Connection.php on line 327.
 1 SYSTEMPATH\Database\MySQLi\Connection.php(327): mysqli->query('SELECT *
FROM `artikel`
ORDER BY `created_at` DESC
 LIMIT 5', 0)
 2 SYSTEMPATH\Database\BaseConnection.php(738): CodeIgniter\Database\MySQLi\Connection->execute('SELECT *
FROM `artikel`
ORDER BY `created_at` DESC
 LIMIT 5')
 3 SYSTEMPATH\Database\BaseConnection.php(652): CodeIgniter\Database\BaseConnection->simpleQuery('SELECT *
FROM `artikel`
ORDER BY `created_at` DESC
 LIMIT 5')
 4 SYSTEMPATH\Database\BaseBuilder.php(1649): CodeIgniter\Database\BaseConnection->query('SELECT *
FROM `artikel`
ORDER BY `created_at` DESC
 LIMIT 5', [], false)
 5 SYSTEMPATH\Model.php(286): CodeIgniter\Database\BaseBuilder->get()
 6 SYSTEMPATH\BaseModel.php(675): CodeIgniter\Model->doFindAll(0, 0)
 7 APPPATH\Cells\ArtikelTerkini.php(12): CodeIgniter\BaseModel->findAll()
 8 SYSTEMPATH\View\Cell.php(283): App\Cells\ArtikelTerkini->render()
 9 SYSTEMPATH\View\Cell.php(104): CodeIgniter\View\Cell->renderSimpleClass(Object(App\Cells\ArtikelTerkini), 'render', [], 'App\\Cells\\ArtikelTerkini')
10 SYSTEMPATH\Common.php(1189): CodeIgniter\View\Cell->render('App\\Cells\\ArtikelTerkini::render', [], 0, 'AppCellsArtikelTerkinirender40cd750bba9870f18aada2478b24840a')
11 APPPATH\Views\layout\main.php(26): view_cell('App\\Cells\\ArtikelTerkini::render')
12 SYSTEMPATH\View\View.php(224): include('C:\\xampp\\htdocs\\lab11_ci\\ci4_pertemuan4\\app\\Views\\layout\\main.php')
13 SYSTEMPATH\View\View.php(227): CodeIgniter\View\View->CodeIgniter\View\{closure}()
14 SYSTEMPATH\View\View.php(240): CodeIgniter\View\View->render('layout/main', [], true)
15 SYSTEMPATH\Common.php(1173): CodeIgniter\View\View->render('home', [], true)
16 APPPATH\Controllers\Home.php(13): view('home', [...])
17 SYSTEMPATH\CodeIgniter.php(933): App\Controllers\Home->home()
18 SYSTEMPATH\CodeIgniter.php(507): CodeIgniter\CodeIgniter->runController(Object(App\Controllers\Home))
19 SYSTEMPATH\CodeIgniter.php(354): CodeIgniter\CodeIgniter->handleRequest(null, Object(Config\Cache), false)
20 SYSTEMPATH\Boot.php(334): CodeIgniter\CodeIgniter->run()
21 SYSTEMPATH\Boot.php(67): CodeIgniter\Boot::runCodeIgniter(Object(CodeIgniter\CodeIgniter))
22 FCPATH\index.php(56): CodeIgniter\Boot::bootWeb(Object(Config\Paths))
23 SYSTEMPATH\rewrite.php(44): require_once('C:\\xampp\\htdocs\\lab11_ci\\ci4_pertemuan4\\public\\index.php')
ERROR - 2025-05-15 01:50:09 --> mysqli_sql_exception: Unknown column 'created_at' in 'order clause' in C:\xampp\htdocs\lab11_ci\ci4_pertemuan4\system\Database\MySQLi\Connection.php:327
Stack trace:
#0 C:\xampp\htdocs\lab11_ci\ci4_pertemuan4\system\Database\MySQLi\Connection.php(327): mysqli->query('SELECT *\nFROM `...', 0)
#1 C:\xampp\htdocs\lab11_ci\ci4_pertemuan4\system\Database\BaseConnection.php(738): CodeIgniter\Database\MySQLi\Connection->execute('SELECT *\nFROM `...')
#2 C:\xampp\htdocs\lab11_ci\ci4_pertemuan4\system\Database\BaseConnection.php(652): CodeIgniter\Database\BaseConnection->simpleQuery('SELECT *\nFROM `...')
#3 C:\xampp\htdocs\lab11_ci\ci4_pertemuan4\system\Database\BaseBuilder.php(1649): CodeIgniter\Database\BaseConnection->query('SELECT *\nFROM `...', Array, false)
#4 C:\xampp\htdocs\lab11_ci\ci4_pertemuan4\system\Model.php(286): CodeIgniter\Database\BaseBuilder->get()
#5 C:\xampp\htdocs\lab11_ci\ci4_pertemuan4\system\BaseModel.php(675): CodeIgniter\Model->doFindAll(0, 0)
#6 C:\xampp\htdocs\lab11_ci\ci4_pertemuan4\app\Cells\ArtikelTerkini.php(12): CodeIgniter\BaseModel->findAll()
#7 C:\xampp\htdocs\lab11_ci\ci4_pertemuan4\system\View\Cell.php(283): App\Cells\ArtikelTerkini->render()
#8 C:\xampp\htdocs\lab11_ci\ci4_pertemuan4\system\View\Cell.php(104): CodeIgniter\View\Cell->renderSimpleClass(Object(App\Cells\ArtikelTerkini), 'render', Array, 'App\\Cells\\Artik...')
#9 C:\xampp\htdocs\lab11_ci\ci4_pertemuan4\system\Common.php(1189): CodeIgniter\View\Cell->render('App\\Cells\\Artik...', Array, 0, 'AppCellsArtikel...')
#10 C:\xampp\htdocs\lab11_ci\ci4_pertemuan4\app\Views\layout\main.php(26): view_cell('App\\Cells\\Artik...')
#11 C:\xampp\htdocs\lab11_ci\ci4_pertemuan4\system\View\View.php(224): include('C:\\xampp\\htdocs...')
#12 C:\xampp\htdocs\lab11_ci\ci4_pertemuan4\system\View\View.php(227): CodeIgniter\View\View->CodeIgniter\View\{closure}()
#13 C:\xampp\htdocs\lab11_ci\ci4_pertemuan4\system\View\View.php(240): CodeIgniter\View\View->render('layout/main', Array, true)
#14 C:\xampp\htdocs\lab11_ci\ci4_pertemuan4\system\Common.php(1173): CodeIgniter\View\View->render('home', Array, true)
#15 C:\xampp\htdocs\lab11_ci\ci4_pertemuan4\app\Controllers\Home.php(13): view('home', Array)
#16 C:\xampp\htdocs\lab11_ci\ci4_pertemuan4\system\CodeIgniter.php(933): App\Controllers\Home->home()
#17 C:\xampp\htdocs\lab11_ci\ci4_pertemuan4\system\CodeIgniter.php(507): CodeIgniter\CodeIgniter->runController(Object(App\Controllers\Home))
#18 C:\xampp\htdocs\lab11_ci\ci4_pertemuan4\system\CodeIgniter.php(354): CodeIgniter\CodeIgniter->handleRequest(NULL, Object(Config\Cache), false)
#19 C:\xampp\htdocs\lab11_ci\ci4_pertemuan4\system\Boot.php(334): CodeIgniter\CodeIgniter->run()
#20 C:\xampp\htdocs\lab11_ci\ci4_pertemuan4\system\Boot.php(67): CodeIgniter\Boot::runCodeIgniter(Object(CodeIgniter\CodeIgniter))
#21 C:\xampp\htdocs\lab11_ci\ci4_pertemuan4\public\index.php(56): CodeIgniter\Boot::bootWeb(Object(Config\Paths))
#22 C:\xampp\htdocs\lab11_ci\ci4_pertemuan4\system\rewrite.php(44): require_once('C:\\xampp\\htdocs...')
#23 {main}
CRITICAL - 2025-05-15 01:50:09 --> CodeIgniter\Database\Exceptions\DatabaseException: Unknown column 'created_at' in 'order clause'
[Method: GET, Route: home]
in SYSTEMPATH\Database\BaseConnection.php on line 692.
 1 SYSTEMPATH\Database\BaseBuilder.php(1649): CodeIgniter\Database\BaseConnection->query('SELECT *
FROM `artikel`
ORDER BY `created_at` DESC
 LIMIT 5', [], false)
 2 SYSTEMPATH\Model.php(286): CodeIgniter\Database\BaseBuilder->get()
 3 SYSTEMPATH\BaseModel.php(675): CodeIgniter\Model->doFindAll(0, 0)
 4 APPPATH\Cells\ArtikelTerkini.php(12): CodeIgniter\BaseModel->findAll()
 5 SYSTEMPATH\View\Cell.php(283): App\Cells\ArtikelTerkini->render()
 6 SYSTEMPATH\View\Cell.php(104): CodeIgniter\View\Cell->renderSimpleClass(Object(App\Cells\ArtikelTerkini), 'render', [], 'App\\Cells\\ArtikelTerkini')
 7 SYSTEMPATH\Common.php(1189): CodeIgniter\View\Cell->render('App\\Cells\\ArtikelTerkini::render', [], 0, 'AppCellsArtikelTerkinirender40cd750bba9870f18aada2478b24840a')
 8 APPPATH\Views\layout\main.php(26): view_cell('App\\Cells\\ArtikelTerkini::render')
 9 SYSTEMPATH\View\View.php(224): include('C:\\xampp\\htdocs\\lab11_ci\\ci4_pertemuan4\\app\\Views\\layout\\main.php')
10 SYSTEMPATH\View\View.php(227): CodeIgniter\View\View->CodeIgniter\View\{closure}()
11 SYSTEMPATH\View\View.php(240): CodeIgniter\View\View->render('layout/main', [], true)
12 SYSTEMPATH\Common.php(1173): CodeIgniter\View\View->render('home', [], true)
13 APPPATH\Controllers\Home.php(13): view('home', [...])
14 SYSTEMPATH\CodeIgniter.php(933): App\Controllers\Home->home()
15 SYSTEMPATH\CodeIgniter.php(507): CodeIgniter\CodeIgniter->runController(Object(App\Controllers\Home))
16 SYSTEMPATH\CodeIgniter.php(354): CodeIgniter\CodeIgniter->handleRequest(null, Object(Config\Cache), false)
17 SYSTEMPATH\Boot.php(334): CodeIgniter\CodeIgniter->run()
18 SYSTEMPATH\Boot.php(67): CodeIgniter\Boot::runCodeIgniter(Object(CodeIgniter\CodeIgniter))
19 FCPATH\index.php(56): CodeIgniter\Boot::bootWeb(Object(Config\Paths))
20 SYSTEMPATH\rewrite.php(44): require_once('C:\\xampp\\htdocs\\lab11_ci\\ci4_pertemuan4\\public\\index.php')
CRITICAL - 2025-05-15 01:50:09 --> [Caused by] CodeIgniter\Database\Exceptions\DatabaseException: Unknown column 'created_at' in 'order clause'
in SYSTEMPATH\Database\MySQLi\Connection.php on line 332.
 1 SYSTEMPATH\Database\BaseConnection.php(738): CodeIgniter\Database\MySQLi\Connection->execute('SELECT *
FROM `artikel`
ORDER BY `created_at` DESC
 LIMIT 5')
 2 SYSTEMPATH\Database\BaseConnection.php(652): CodeIgniter\Database\BaseConnection->simpleQuery('SELECT *
FROM `artikel`
ORDER BY `created_at` DESC
 LIMIT 5')
 3 SYSTEMPATH\Database\BaseBuilder.php(1649): CodeIgniter\Database\BaseConnection->query('SELECT *
FROM `artikel`
ORDER BY `created_at` DESC
 LIMIT 5', [], false)
 4 SYSTEMPATH\Model.php(286): CodeIgniter\Database\BaseBuilder->get()
 5 SYSTEMPATH\BaseModel.php(675): CodeIgniter\Model->doFindAll(0, 0)
 6 APPPATH\Cells\ArtikelTerkini.php(12): CodeIgniter\BaseModel->findAll()
 7 SYSTEMPATH\View\Cell.php(283): App\Cells\ArtikelTerkini->render()
 8 SYSTEMPATH\View\Cell.php(104): CodeIgniter\View\Cell->renderSimpleClass(Object(App\Cells\ArtikelTerkini), 'render', [], 'App\\Cells\\ArtikelTerkini')
 9 SYSTEMPATH\Common.php(1189): CodeIgniter\View\Cell->render('App\\Cells\\ArtikelTerkini::render', [], 0, 'AppCellsArtikelTerkinirender40cd750bba9870f18aada2478b24840a')
10 APPPATH\Views\layout\main.php(26): view_cell('App\\Cells\\ArtikelTerkini::render')
11 SYSTEMPATH\View\View.php(224): include('C:\\xampp\\htdocs\\lab11_ci\\ci4_pertemuan4\\app\\Views\\layout\\main.php')
12 SYSTEMPATH\View\View.php(227): CodeIgniter\View\View->CodeIgniter\View\{closure}()
13 SYSTEMPATH\View\View.php(240): CodeIgniter\View\View->render('layout/main', [], true)
14 SYSTEMPATH\Common.php(1173): CodeIgniter\View\View->render('home', [], true)
15 APPPATH\Controllers\Home.php(13): view('home', [...])
16 SYSTEMPATH\CodeIgniter.php(933): App\Controllers\Home->home()
17 SYSTEMPATH\CodeIgniter.php(507): CodeIgniter\CodeIgniter->runController(Object(App\Controllers\Home))
18 SYSTEMPATH\CodeIgniter.php(354): CodeIgniter\CodeIgniter->handleRequest(null, Object(Config\Cache), false)
19 SYSTEMPATH\Boot.php(334): CodeIgniter\CodeIgniter->run()
20 SYSTEMPATH\Boot.php(67): CodeIgniter\Boot::runCodeIgniter(Object(CodeIgniter\CodeIgniter))
21 FCPATH\index.php(56): CodeIgniter\Boot::bootWeb(Object(Config\Paths))
22 SYSTEMPATH\rewrite.php(44): require_once('C:\\xampp\\htdocs\\lab11_ci\\ci4_pertemuan4\\public\\index.php')
CRITICAL - 2025-05-15 01:50:09 --> [Caused by] mysqli_sql_exception: Unknown column 'created_at' in 'order clause'
in SYSTEMPATH\Database\MySQLi\Connection.php on line 327.
 1 SYSTEMPATH\Database\MySQLi\Connection.php(327): mysqli->query('SELECT *
FROM `artikel`
ORDER BY `created_at` DESC
 LIMIT 5', 0)
 2 SYSTEMPATH\Database\BaseConnection.php(738): CodeIgniter\Database\MySQLi\Connection->execute('SELECT *
FROM `artikel`
ORDER BY `created_at` DESC
 LIMIT 5')
 3 SYSTEMPATH\Database\BaseConnection.php(652): CodeIgniter\Database\BaseConnection->simpleQuery('SELECT *
FROM `artikel`
ORDER BY `created_at` DESC
 LIMIT 5')
 4 SYSTEMPATH\Database\BaseBuilder.php(1649): CodeIgniter\Database\BaseConnection->query('SELECT *
FROM `artikel`
ORDER BY `created_at` DESC
 LIMIT 5', [], false)
 5 SYSTEMPATH\Model.php(286): CodeIgniter\Database\BaseBuilder->get()
 6 SYSTEMPATH\BaseModel.php(675): CodeIgniter\Model->doFindAll(0, 0)
 7 APPPATH\Cells\ArtikelTerkini.php(12): CodeIgniter\BaseModel->findAll()
 8 SYSTEMPATH\View\Cell.php(283): App\Cells\ArtikelTerkini->render()
 9 SYSTEMPATH\View\Cell.php(104): CodeIgniter\View\Cell->renderSimpleClass(Object(App\Cells\ArtikelTerkini), 'render', [], 'App\\Cells\\ArtikelTerkini')
10 SYSTEMPATH\Common.php(1189): CodeIgniter\View\Cell->render('App\\Cells\\ArtikelTerkini::render', [], 0, 'AppCellsArtikelTerkinirender40cd750bba9870f18aada2478b24840a')
11 APPPATH\Views\layout\main.php(26): view_cell('App\\Cells\\ArtikelTerkini::render')
12 SYSTEMPATH\View\View.php(224): include('C:\\xampp\\htdocs\\lab11_ci\\ci4_pertemuan4\\app\\Views\\layout\\main.php')
13 SYSTEMPATH\View\View.php(227): CodeIgniter\View\View->CodeIgniter\View\{closure}()
14 SYSTEMPATH\View\View.php(240): CodeIgniter\View\View->render('layout/main', [], true)
15 SYSTEMPATH\Common.php(1173): CodeIgniter\View\View->render('home', [], true)
16 APPPATH\Controllers\Home.php(13): view('home', [...])
17 SYSTEMPATH\CodeIgniter.php(933): App\Controllers\Home->home()
18 SYSTEMPATH\CodeIgniter.php(507): CodeIgniter\CodeIgniter->runController(Object(App\Controllers\Home))
19 SYSTEMPATH\CodeIgniter.php(354): CodeIgniter\CodeIgniter->handleRequest(null, Object(Config\Cache), false)
20 SYSTEMPATH\Boot.php(334): CodeIgniter\CodeIgniter->run()
21 SYSTEMPATH\Boot.php(67): CodeIgniter\Boot::runCodeIgniter(Object(CodeIgniter\CodeIgniter))
22 FCPATH\index.php(56): CodeIgniter\Boot::bootWeb(Object(Config\Paths))
23 SYSTEMPATH\rewrite.php(44): require_once('C:\\xampp\\htdocs\\lab11_ci\\ci4_pertemuan4\\public\\index.php')
ERROR - 2025-05-15 01:52:32 --> mysqli_sql_exception: Unknown column 'created_at' in 'order clause' in C:\xampp\htdocs\lab11_ci\ci4_pertemuan4\system\Database\MySQLi\Connection.php:327
Stack trace:
#0 C:\xampp\htdocs\lab11_ci\ci4_pertemuan4\system\Database\MySQLi\Connection.php(327): mysqli->query('SELECT *\nFROM `...', 0)
#1 C:\xampp\htdocs\lab11_ci\ci4_pertemuan4\system\Database\BaseConnection.php(738): CodeIgniter\Database\MySQLi\Connection->execute('SELECT *\nFROM `...')
#2 C:\xampp\htdocs\lab11_ci\ci4_pertemuan4\system\Database\BaseConnection.php(652): CodeIgniter\Database\BaseConnection->simpleQuery('SELECT *\nFROM `...')
#3 C:\xampp\htdocs\lab11_ci\ci4_pertemuan4\system\Database\BaseBuilder.php(1649): CodeIgniter\Database\BaseConnection->query('SELECT *\nFROM `...', Array, false)
#4 C:\xampp\htdocs\lab11_ci\ci4_pertemuan4\system\Model.php(286): CodeIgniter\Database\BaseBuilder->get()
#5 C:\xampp\htdocs\lab11_ci\ci4_pertemuan4\system\BaseModel.php(675): CodeIgniter\Model->doFindAll(0, 0)
#6 C:\xampp\htdocs\lab11_ci\ci4_pertemuan4\app\Cells\ArtikelTerkini.php(12): CodeIgniter\BaseModel->findAll()
#7 C:\xampp\htdocs\lab11_ci\ci4_pertemuan4\system\View\Cell.php(283): App\Cells\ArtikelTerkini->render()
#8 C:\xampp\htdocs\lab11_ci\ci4_pertemuan4\system\View\Cell.php(104): CodeIgniter\View\Cell->renderSimpleClass(Object(App\Cells\ArtikelTerkini), 'render', Array, 'App\\Cells\\Artik...')
#9 C:\xampp\htdocs\lab11_ci\ci4_pertemuan4\system\Common.php(1189): CodeIgniter\View\Cell->render('App\\Cells\\Artik...', Array, 0, 'AppCellsArtikel...')
#10 C:\xampp\htdocs\lab11_ci\ci4_pertemuan4\app\Views\layout\main.php(26): view_cell('App\\Cells\\Artik...')
#11 C:\xampp\htdocs\lab11_ci\ci4_pertemuan4\system\View\View.php(224): include('C:\\xampp\\htdocs...')
#12 C:\xampp\htdocs\lab11_ci\ci4_pertemuan4\system\View\View.php(227): CodeIgniter\View\View->CodeIgniter\View\{closure}()
#13 C:\xampp\htdocs\lab11_ci\ci4_pertemuan4\system\View\View.php(240): CodeIgniter\View\View->render('layout/main', Array, true)
#14 C:\xampp\htdocs\lab11_ci\ci4_pertemuan4\system\Common.php(1173): CodeIgniter\View\View->render('home', Array, true)
#15 C:\xampp\htdocs\lab11_ci\ci4_pertemuan4\app\Controllers\Home.php(13): view('home', Array)
#16 C:\xampp\htdocs\lab11_ci\ci4_pertemuan4\system\CodeIgniter.php(933): App\Controllers\Home->home()
#17 C:\xampp\htdocs\lab11_ci\ci4_pertemuan4\system\CodeIgniter.php(507): CodeIgniter\CodeIgniter->runController(Object(App\Controllers\Home))
#18 C:\xampp\htdocs\lab11_ci\ci4_pertemuan4\system\CodeIgniter.php(354): CodeIgniter\CodeIgniter->handleRequest(NULL, Object(Config\Cache), false)
#19 C:\xampp\htdocs\lab11_ci\ci4_pertemuan4\system\Boot.php(334): CodeIgniter\CodeIgniter->run()
#20 C:\xampp\htdocs\lab11_ci\ci4_pertemuan4\system\Boot.php(67): CodeIgniter\Boot::runCodeIgniter(Object(CodeIgniter\CodeIgniter))
#21 C:\xampp\htdocs\lab11_ci\ci4_pertemuan4\public\index.php(56): CodeIgniter\Boot::bootWeb(Object(Config\Paths))
#22 C:\xampp\htdocs\lab11_ci\ci4_pertemuan4\system\rewrite.php(44): require_once('C:\\xampp\\htdocs...')
#23 {main}
CRITICAL - 2025-05-15 01:52:32 --> CodeIgniter\Database\Exceptions\DatabaseException: Unknown column 'created_at' in 'order clause'
[Method: GET, Route: home]
in SYSTEMPATH\Database\BaseConnection.php on line 692.
 1 SYSTEMPATH\Database\BaseBuilder.php(1649): CodeIgniter\Database\BaseConnection->query('SELECT *
FROM `artikel`
ORDER BY `created_at` DESC
 LIMIT 5', [], false)
 2 SYSTEMPATH\Model.php(286): CodeIgniter\Database\BaseBuilder->get()
 3 SYSTEMPATH\BaseModel.php(675): CodeIgniter\Model->doFindAll(0, 0)
 4 APPPATH\Cells\ArtikelTerkini.php(12): CodeIgniter\BaseModel->findAll()
 5 SYSTEMPATH\View\Cell.php(283): App\Cells\ArtikelTerkini->render()
 6 SYSTEMPATH\View\Cell.php(104): CodeIgniter\View\Cell->renderSimpleClass(Object(App\Cells\ArtikelTerkini), 'render', [], 'App\\Cells\\ArtikelTerkini')
 7 SYSTEMPATH\Common.php(1189): CodeIgniter\View\Cell->render('App\\Cells\\ArtikelTerkini::render', [], 0, 'AppCellsArtikelTerkinirender40cd750bba9870f18aada2478b24840a')
 8 APPPATH\Views\layout\main.php(26): view_cell('App\\Cells\\ArtikelTerkini::render')
 9 SYSTEMPATH\View\View.php(224): include('C:\\xampp\\htdocs\\lab11_ci\\ci4_pertemuan4\\app\\Views\\layout\\main.php')
10 SYSTEMPATH\View\View.php(227): CodeIgniter\View\View->CodeIgniter\View\{closure}()
11 SYSTEMPATH\View\View.php(240): CodeIgniter\View\View->render('layout/main', [], true)
12 SYSTEMPATH\Common.php(1173): CodeIgniter\View\View->render('home', [], true)
13 APPPATH\Controllers\Home.php(13): view('home', [...])
14 SYSTEMPATH\CodeIgniter.php(933): App\Controllers\Home->home()
15 SYSTEMPATH\CodeIgniter.php(507): CodeIgniter\CodeIgniter->runController(Object(App\Controllers\Home))
16 SYSTEMPATH\CodeIgniter.php(354): CodeIgniter\CodeIgniter->handleRequest(null, Object(Config\Cache), false)
17 SYSTEMPATH\Boot.php(334): CodeIgniter\CodeIgniter->run()
18 SYSTEMPATH\Boot.php(67): CodeIgniter\Boot::runCodeIgniter(Object(CodeIgniter\CodeIgniter))
19 FCPATH\index.php(56): CodeIgniter\Boot::bootWeb(Object(Config\Paths))
20 SYSTEMPATH\rewrite.php(44): require_once('C:\\xampp\\htdocs\\lab11_ci\\ci4_pertemuan4\\public\\index.php')
CRITICAL - 2025-05-15 01:52:32 --> [Caused by] CodeIgniter\Database\Exceptions\DatabaseException: Unknown column 'created_at' in 'order clause'
in SYSTEMPATH\Database\MySQLi\Connection.php on line 332.
 1 SYSTEMPATH\Database\BaseConnection.php(738): CodeIgniter\Database\MySQLi\Connection->execute('SELECT *
FROM `artikel`
ORDER BY `created_at` DESC
 LIMIT 5')
 2 SYSTEMPATH\Database\BaseConnection.php(652): CodeIgniter\Database\BaseConnection->simpleQuery('SELECT *
FROM `artikel`
ORDER BY `created_at` DESC
 LIMIT 5')
 3 SYSTEMPATH\Database\BaseBuilder.php(1649): CodeIgniter\Database\BaseConnection->query('SELECT *
FROM `artikel`
ORDER BY `created_at` DESC
 LIMIT 5', [], false)
 4 SYSTEMPATH\Model.php(286): CodeIgniter\Database\BaseBuilder->get()
 5 SYSTEMPATH\BaseModel.php(675): CodeIgniter\Model->doFindAll(0, 0)
 6 APPPATH\Cells\ArtikelTerkini.php(12): CodeIgniter\BaseModel->findAll()
 7 SYSTEMPATH\View\Cell.php(283): App\Cells\ArtikelTerkini->render()
 8 SYSTEMPATH\View\Cell.php(104): CodeIgniter\View\Cell->renderSimpleClass(Object(App\Cells\ArtikelTerkini), 'render', [], 'App\\Cells\\ArtikelTerkini')
 9 SYSTEMPATH\Common.php(1189): CodeIgniter\View\Cell->render('App\\Cells\\ArtikelTerkini::render', [], 0, 'AppCellsArtikelTerkinirender40cd750bba9870f18aada2478b24840a')
10 APPPATH\Views\layout\main.php(26): view_cell('App\\Cells\\ArtikelTerkini::render')
11 SYSTEMPATH\View\View.php(224): include('C:\\xampp\\htdocs\\lab11_ci\\ci4_pertemuan4\\app\\Views\\layout\\main.php')
12 SYSTEMPATH\View\View.php(227): CodeIgniter\View\View->CodeIgniter\View\{closure}()
13 SYSTEMPATH\View\View.php(240): CodeIgniter\View\View->render('layout/main', [], true)
14 SYSTEMPATH\Common.php(1173): CodeIgniter\View\View->render('home', [], true)
15 APPPATH\Controllers\Home.php(13): view('home', [...])
16 SYSTEMPATH\CodeIgniter.php(933): App\Controllers\Home->home()
17 SYSTEMPATH\CodeIgniter.php(507): CodeIgniter\CodeIgniter->runController(Object(App\Controllers\Home))
18 SYSTEMPATH\CodeIgniter.php(354): CodeIgniter\CodeIgniter->handleRequest(null, Object(Config\Cache), false)
19 SYSTEMPATH\Boot.php(334): CodeIgniter\CodeIgniter->run()
20 SYSTEMPATH\Boot.php(67): CodeIgniter\Boot::runCodeIgniter(Object(CodeIgniter\CodeIgniter))
21 FCPATH\index.php(56): CodeIgniter\Boot::bootWeb(Object(Config\Paths))
22 SYSTEMPATH\rewrite.php(44): require_once('C:\\xampp\\htdocs\\lab11_ci\\ci4_pertemuan4\\public\\index.php')
CRITICAL - 2025-05-15 01:52:32 --> [Caused by] mysqli_sql_exception: Unknown column 'created_at' in 'order clause'
in SYSTEMPATH\Database\MySQLi\Connection.php on line 327.
 1 SYSTEMPATH\Database\MySQLi\Connection.php(327): mysqli->query('SELECT *
FROM `artikel`
ORDER BY `created_at` DESC
 LIMIT 5', 0)
 2 SYSTEMPATH\Database\BaseConnection.php(738): CodeIgniter\Database\MySQLi\Connection->execute('SELECT *
FROM `artikel`
ORDER BY `created_at` DESC
 LIMIT 5')
 3 SYSTEMPATH\Database\BaseConnection.php(652): CodeIgniter\Database\BaseConnection->simpleQuery('SELECT *
FROM `artikel`
ORDER BY `created_at` DESC
 LIMIT 5')
 4 SYSTEMPATH\Database\BaseBuilder.php(1649): CodeIgniter\Database\BaseConnection->query('SELECT *
FROM `artikel`
ORDER BY `created_at` DESC
 LIMIT 5', [], false)
 5 SYSTEMPATH\Model.php(286): CodeIgniter\Database\BaseBuilder->get()
 6 SYSTEMPATH\BaseModel.php(675): CodeIgniter\Model->doFindAll(0, 0)
 7 APPPATH\Cells\ArtikelTerkini.php(12): CodeIgniter\BaseModel->findAll()
 8 SYSTEMPATH\View\Cell.php(283): App\Cells\ArtikelTerkini->render()
 9 SYSTEMPATH\View\Cell.php(104): CodeIgniter\View\Cell->renderSimpleClass(Object(App\Cells\ArtikelTerkini), 'render', [], 'App\\Cells\\ArtikelTerkini')
10 SYSTEMPATH\Common.php(1189): CodeIgniter\View\Cell->render('App\\Cells\\ArtikelTerkini::render', [], 0, 'AppCellsArtikelTerkinirender40cd750bba9870f18aada2478b24840a')
11 APPPATH\Views\layout\main.php(26): view_cell('App\\Cells\\ArtikelTerkini::render')
12 SYSTEMPATH\View\View.php(224): include('C:\\xampp\\htdocs\\lab11_ci\\ci4_pertemuan4\\app\\Views\\layout\\main.php')
13 SYSTEMPATH\View\View.php(227): CodeIgniter\View\View->CodeIgniter\View\{closure}()
14 SYSTEMPATH\View\View.php(240): CodeIgniter\View\View->render('layout/main', [], true)
15 SYSTEMPATH\Common.php(1173): CodeIgniter\View\View->render('home', [], true)
16 APPPATH\Controllers\Home.php(13): view('home', [...])
17 SYSTEMPATH\CodeIgniter.php(933): App\Controllers\Home->home()
18 SYSTEMPATH\CodeIgniter.php(507): CodeIgniter\CodeIgniter->runController(Object(App\Controllers\Home))
19 SYSTEMPATH\CodeIgniter.php(354): CodeIgniter\CodeIgniter->handleRequest(null, Object(Config\Cache), false)
20 SYSTEMPATH\Boot.php(334): CodeIgniter\CodeIgniter->run()
21 SYSTEMPATH\Boot.php(67): CodeIgniter\Boot::runCodeIgniter(Object(CodeIgniter\CodeIgniter))
22 FCPATH\index.php(56): CodeIgniter\Boot::bootWeb(Object(Config\Paths))
23 SYSTEMPATH\rewrite.php(44): require_once('C:\\xampp\\htdocs\\lab11_ci\\ci4_pertemuan4\\public\\index.php')
